[07:42:32] [main/INFO] (FabricLoader/GameProvider) Loading Minecraft 1.19 with Fabric Loader 0.14.7
[07:42:33] [main/INFO] (FabricLoader) Loading 43 mods:
	- fabric 0.56.0+1.19
	- fabric-api-base 0.4.9+e62f51a3a9
	- fabric-api-lookup-api-v1 1.6.7+9ff28f40a9
	- fabric-biome-api-v1 9.0.13+b2a4a624a9
	- fabric-blockrenderlayer-v1 1.1.18+9ff28f40a9
	- fabric-command-api-v2 2.1.1+cda9839ba9
	- fabric-content-registries-v0 3.1.0+4a3ec384a9
	- fabric-convention-tags-v1 1.0.8+37622d24a9
	- fabric-crash-report-info-v1 0.2.3+bd0a0d4aa9
	- fabric-data-generation-api-v1 5.0.1+2a5b9210a9
	- fabric-dimensions-v1 2.1.27+72da3b3da9
	- fabric-entity-events-v1 1.4.16+9ff28f40a9
	- fabric-events-interaction-v0 0.4.26+9ff28f40a9
	- fabric-game-rule-api-v1 1.0.19+18990361a9
	- fabric-gametest-api-v1 1.0.30+e62f51a3a9
	- fabric-item-api-v1 1.5.4+767db26ea9
	- fabric-item-groups-v0 0.3.23+9ff28f40a9
	- fabric-key-binding-api-v1 1.0.18+9ff28f40a9
	- fabric-lifecycle-events-v1 2.1.0+33fbc738a9
	- fabric-loot-api-v2 1.0.1+9e7660c6a9
	- fabric-message-api-v1 1.0.1+513f4a59a9
	- fabric-mining-level-api-v1 2.1.8+33fbc738a9
	- fabric-models-v0 0.3.15+9ff28f40a9
	- fabric-networking-api-v1 1.0.27+7fe97409a9
	- fabric-object-builder-api-v1 4.0.5+9ff28f40a9
	- fabric-particles-v1 1.0.8+dc39553aa9
	- fabric-registry-sync-v0 0.9.16+92cf9a3ea9
	- fabric-renderer-api-v1 1.0.8+9ff28f40a9
	- fabric-renderer-indigo 0.6.6+9ff28f40a9
	- fabric-rendering-data-attachment-v1 0.3.12+9ff28f40a9
	- fabric-rendering-fluids-v1 3.0.5+9ff28f40a9
	- fabric-rendering-v1 1.10.14+9ff28f40a9
	- fabric-resource-conditions-api-v1 2.0.9+e62f51a3a9
	- fabric-resource-loader-v0 0.5.3+9e7660c6a9
	- fabric-screen-api-v1 1.0.23+9ff28f40a9
	- fabric-screen-handler-api-v1 1.2.6+9ff28f40a9
	- fabric-textures-v0 1.0.18+9ff28f40a9
	- fabric-transfer-api-v1 2.0.9+e62f51a3a9
	- fabric-transitive-access-wideners-v1 1.1.1+9e7660c6a9
	- fabricloader 0.14.7
	- java 17
	- minecraft 1.19
	- witcheryrestitched 0.0.1-1.19
[07:42:33] [main/INFO] (FabricLoader/Mixin) SpongePowered MIXIN Subsystem Version=0.8.5 Source=file:/C:/Users/micha/.gradle/caches/modules-2/files-2.1/net.fabricmc/sponge-mixin/0.11.4+mixin.0.8.5/c1dc27696aa4006e492c2485c9ccbcb26045a971/sponge-mixin-0.11.4+mixin.0.8.5.jar Service=Knot/Fabric Env=CLIENT
[07:42:34] [main/INFO] (FabricLoader/Mixin) Loaded Fabric development mappings for mixin remapper!
[07:42:34] [main/INFO] (FabricLoader/Mixin) Compatibility level set to JAVA_16
[07:42:34] [main/INFO] (FabricLoader/Mixin) Compatibility level set to JAVA_17
[07:42:37] [main/WARN] (FileUtil) Configuration conflict: there is more than one oshi.properties file on the classpath
[07:42:37] [main/WARN] (FileUtil) Configuration conflict: there is more than one oshi.architecture.properties file on the classpath
[07:42:45] [main/INFO] (Minecraft) Building optimized datafixer
[07:42:54] [Render thread/INFO] (Minecraft) Environment: authHost='https://authserver.mojang.com', accountsHost='https://api.mojang.com', sessionHost='https://sessionserver.mojang.com', servicesHost='https://api.minecraftservices.com', name='PROD'
[07:42:55] [Render thread/ERROR] (Minecraft) Failed to verify authentication
com.mojang.authlib.exceptions.InvalidCredentialsException: Status: 401
	at com.mojang.authlib.exceptions.MinecraftClientHttpException.toAuthenticationException(MinecraftClientHttpException.java:56) ~[authlib-3.5.41.jar:?]
	at com.mojang.authlib.yggdrasil.YggdrasilUserApiService.fetchProperties(YggdrasilUserApiService.java:140) ~[authlib-3.5.41.jar:?]
	at com.mojang.authlib.yggdrasil.YggdrasilUserApiService.<init>(YggdrasilUserApiService.java:47) ~[authlib-3.5.41.jar:?]
	at com.mojang.authlib.yggdrasil.YggdrasilAuthenticationService.createUserApiService(YggdrasilAuthenticationService.java:158) ~[authlib-3.5.41.jar:?]
	at net.minecraft.client.MinecraftClient.createUserApiService(MinecraftClient.java:673) [minecraft-project-@-merged-named.jar:?]
	at net.minecraft.client.MinecraftClient.<init>(MinecraftClient.java:489) [minecraft-project-@-merged-named.jar:?]
	at net.minecraft.client.main.Main.main(Main.java:179) [minecraft-project-@-merged-named.jar:?]
	at net.fabricmc.loader.impl.game.minecraft.MinecraftGameProvider.launch(MinecraftGameProvider.java:461) [fabric-loader-0.14.7.jar:?]
	at net.fabricmc.loader.impl.launch.knot.Knot.launch(Knot.java:74) [fabric-loader-0.14.7.jar:?]
	at net.fabricmc.loader.impl.launch.knot.KnotClient.main(KnotClient.java:23) [fabric-loader-0.14.7.jar:?]
	at net.fabricmc.devlaunchinjector.Main.main(Main.java:86) [dev-launch-injector-0.2.1+build.8.jar:?]
Caused by: com.mojang.authlib.exceptions.MinecraftClientHttpException: Status: 401
	at com.mojang.authlib.minecraft.client.MinecraftClient.readInputStream(MinecraftClient.java:85) ~[authlib-3.5.41.jar:?]
	at com.mojang.authlib.minecraft.client.MinecraftClient.get(MinecraftClient.java:48) ~[authlib-3.5.41.jar:?]
	at com.mojang.authlib.yggdrasil.YggdrasilUserApiService.fetchProperties(YggdrasilUserApiService.java:121) ~[authlib-3.5.41.jar:?]
	... 9 more
[07:42:55] [Render thread/INFO] (Minecraft) Setting user: Player520
[07:42:56] [Render thread/INFO] (witcheryrestitched) Registering mod items forwitcheryrestitched
[07:42:56] [Render thread/INFO] (Indigo) [Indigo] Registering Indigo renderer!
[07:42:57] [Render thread/INFO] (Minecraft) Backend library: LWJGL version 3.3.1 SNAPSHOT
[07:43:03] [Render thread/INFO] (Minecraft) Narrator library for x64 successfully loaded
[07:43:03] [Worker-Main-8/ERROR] (Minecraft) Failed to retrieve profile key pair
java.io.IOException: Could not retrieve profile key pair
	at net.minecraft.client.util.ProfileKeys.fetchKeyPair(ProfileKeys.java:165) ~[minecraft-project-@-merged-named.jar:?]
	at net.minecraft.client.util.ProfileKeys.method_44291(ProfileKeys.java:68) ~[minecraft-project-@-merged-named.jar:?]
	at java.util.concurrent.CompletableFuture$AsyncSupply.run(CompletableFuture.java:1768) [?:?]
	at java.util.concurrent.CompletableFuture$AsyncSupply.exec(CompletableFuture.java:1760) [?:?]
	at java.util.concurrent.ForkJoinTask.doExec(ForkJoinTask.java:373) [?:?]
	at java.util.concurrent.ForkJoinPool$WorkQueue.topLevelExec(ForkJoinPool.java:1182) [?:?]
	at java.util.concurrent.ForkJoinPool.scan(ForkJoinPool.java:1655) [?:?]
	at java.util.concurrent.ForkJoinPool.runWorker(ForkJoinPool.java:1622) [?:?]
	at java.util.concurrent.ForkJoinWorkerThread.run(ForkJoinWorkerThread.java:165) [?:?]
[07:43:03] [Render thread/INFO] (Minecraft) Reloading ResourceManager: Default, Fabric Mods (Fabric Item Groups (v0), Fabric BlockRenderLayer Registration (v1), Witchery Restitched, Fabric Textures (v0), Fabric Particles (v1), Fabric Dimensions API (v1), Fabric Key Binding API (v1), Fabric Resource Loader (v0), Fabric API Base, Fabric Item API (v1), Fabric Transitive Access Wideners (v1), Fabric Mining Level API (v1), Fabric Renderer API (v1), Fabric Command API (v2), Fabric Message API (v1), Fabric Biome API (v1), Fabric Rendering (v1), Fabric Content Registries (v0), Fabric Transfer API (v1), Fabric Screen API (v1), Fabric Rendering Data Attachment (v1), Fabric Game Rule API (v1), Fabric Screen Handler API (v1), Fabric Networking API (v1), Fabric Crash Report Info (v1), Fabric Registry Sync (v0), Fabric Object Builder API (v1), Fabric Events Interaction (v0), Fabric Convention Tags, Fabric Rendering Fluids (v1), Fabric Loader, Fabric Entity Events (v1), Fabric Loot API (v2), Fabric Models (v0), Fabric Game Test API (v1), Fabric Data Generation API (v1), Fabric API, Fabric Resource Conditions API (v1), Fabric Renderer - Indigo, Fabric API Lookup API (v1), Fabric Lifecycle Events (v1))
[07:43:04] [Render thread/INFO] (witcheryrestitched) This line is printed by an example mod mixin!
[07:43:05] [Realms Notification Availability checker #1/INFO] (Minecraft) Could not authorize you against Realms server: Invalid session id
[07:43:07] [Worker-Main-11/ERROR] (Minecraft) Using missing texture, file witcheryrestitched:textures/item/clay_jar.png.png not found
[07:43:08] [Render thread/WARN] (Minecraft) Missing sound for event: minecraft:item.goat_horn.play
[07:43:08] [Render thread/WARN] (Minecraft) Missing sound for event: minecraft:entity.goat.screaming.horn_break
[07:43:08] [Render thread/INFO] (Minecraft) OpenAL initialized on device OpenAL Soft on Sceptre E24 (NVIDIA High Definition Audio)
[07:43:08] [Render thread/INFO] (Minecraft) Sound engine started
[07:43:09] [Render thread/INFO] (Minecraft) Created: 1024x1024x4 minecraft:textures/atlas/blocks.png-atlas
[07:43:09] [Render thread/INFO] (Minecraft) Created: 256x128x4 minecraft:textures/atlas/signs.png-atlas
[07:43:09] [Render thread/INFO] (Minecraft) Created: 1024x512x4 minecraft:textures/atlas/banner_patterns.png-atlas
[07:43:09] [Render thread/INFO] (Minecraft) Created: 1024x512x4 minecraft:textures/atlas/shield_patterns.png-atlas
[07:43:09] [Render thread/INFO] (Minecraft) Created: 256x256x4 minecraft:textures/atlas/chest.png-atlas
[07:43:09] [Render thread/INFO] (Minecraft) Created: 512x256x4 minecraft:textures/atlas/beds.png-atlas
[07:43:09] [Render thread/INFO] (Minecraft) Created: 512x256x4 minecraft:textures/atlas/shulker_boxes.png-atlas
[07:43:11] [Render thread/WARN] (Minecraft) Shader rendertype_entity_translucent_emissive could not find sampler named Sampler2 in the specified shader program.
[07:43:11] [Render thread/INFO] (Minecraft) Created: 512x256x0 minecraft:textures/atlas/particles.png-atlas
[07:43:11] [Render thread/INFO] (Minecraft) Created: 256x256x0 minecraft:textures/atlas/paintings.png-atlas
[07:43:11] [Render thread/INFO] (Minecraft) Created: 256x128x0 minecraft:textures/atlas/mob_effects.png-atlas
[07:43:12] [Render thread/INFO] (witcheryrestitched) This line is printed by an example mod mixin!
[07:43:29] [Render thread/INFO] (Minecraft) Loaded 7 recipes
[07:43:30] [Render thread/INFO] (Minecraft) Loaded 1179 advancements
[07:43:39] [Render thread/INFO] (BiomeModificationImpl) Applied 0 biome modifications to 0 of 63 new biomes in 10.51 ms
[07:43:39] [Server thread/INFO] (Minecraft) Starting integrated minecraft server version 1.19
[07:43:39] [Server thread/INFO] (Minecraft) Generating keypair
[07:44:25] [Worker-Bootstrap-4/INFO] (Minecraft) 4256 Datafixer optimizations took 100694 milliseconds
[07:44:36] [Server thread/INFO] (Minecraft) Preparing start region for dimension minecraft:overworld
[07:44:37] [Render thread/INFO] (Minecraft) Preparing spawn area: 0%
[07:44:37] [Render thread/INFO] (Minecraft) Preparing spawn area: 0%
[07:44:37] [Render thread/INFO] (Minecraft) Preparing spawn area: 0%
[07:44:37] [Render thread/INFO] (Minecraft) Preparing spawn area: 0%
[07:44:38] [Render thread/INFO] (Minecraft) Preparing spawn area: 0%
[07:44:38] [Render thread/INFO] (Minecraft) Preparing spawn area: 0%
[07:44:39] [Render thread/INFO] (Minecraft) Preparing spawn area: 0%
[07:44:39] [Render thread/INFO] (Minecraft) Preparing spawn area: 1%
[07:44:40] [Render thread/INFO] (Minecraft) Preparing spawn area: 1%
[07:44:40] [Render thread/INFO] (Minecraft) Preparing spawn area: 1%
[07:44:41] [Render thread/INFO] (Minecraft) Preparing spawn area: 2%
[07:44:41] [Render thread/INFO] (Minecraft) Preparing spawn area: 2%
[07:44:42] [Render thread/INFO] (Minecraft) Preparing spawn area: 3%
[07:44:42] [Render thread/INFO] (Minecraft) Preparing spawn area: 3%
[07:44:43] [Render thread/INFO] (Minecraft) Preparing spawn area: 4%
[07:44:43] [Render thread/INFO] (Minecraft) Preparing spawn area: 5%
[07:44:44] [Render thread/INFO] (Minecraft) Preparing spawn area: 6%
[07:44:44] [Render thread/INFO] (Minecraft) Preparing spawn area: 6%
[07:44:45] [Render thread/INFO] (Minecraft) Preparing spawn area: 7%
[07:44:45] [Render thread/INFO] (Minecraft) Preparing spawn area: 8%
[07:44:46] [Render thread/INFO] (Minecraft) Preparing spawn area: 9%
[07:44:46] [Render thread/INFO] (Minecraft) Preparing spawn area: 10%
[07:44:47] [Render thread/INFO] (Minecraft) Preparing spawn area: 11%
[07:44:47] [Render thread/INFO] (Minecraft) Preparing spawn area: 12%
[07:44:48] [Render thread/INFO] (Minecraft) Preparing spawn area: 13%
[07:44:48] [Render thread/INFO] (Minecraft) Preparing spawn area: 15%
[07:44:49] [Render thread/INFO] (Minecraft) Preparing spawn area: 15%
[07:44:49] [Render thread/INFO] (Minecraft) Preparing spawn area: 16%
[07:44:50] [Render thread/INFO] (Minecraft) Preparing spawn area: 17%
[07:44:50] [Render thread/INFO] (Minecraft) Preparing spawn area: 19%
[07:44:51] [Render thread/INFO] (Minecraft) Preparing spawn area: 20%
[07:44:51] [Render thread/INFO] (Minecraft) Preparing spawn area: 22%
[07:44:52] [Render thread/INFO] (Minecraft) Preparing spawn area: 23%
[07:44:52] [Render thread/INFO] (Minecraft) Preparing spawn area: 23%
[07:44:53] [Render thread/INFO] (Minecraft) Preparing spawn area: 25%
[07:44:53] [Render thread/INFO] (Minecraft) Preparing spawn area: 25%
[07:44:54] [Render thread/INFO] (Minecraft) Preparing spawn area: 26%
[07:44:54] [Render thread/INFO] (Minecraft) Preparing spawn area: 28%
[07:44:55] [Render thread/INFO] (Minecraft) Preparing spawn area: 30%
[07:44:55] [Render thread/INFO] (Minecraft) Preparing spawn area: 31%
[07:44:56] [Render thread/INFO] (Minecraft) Preparing spawn area: 32%
[07:44:57] [Render thread/INFO] (Minecraft) Preparing spawn area: 33%
[07:44:57] [Render thread/INFO] (Minecraft) Preparing spawn area: 33%
[07:44:57] [Render thread/INFO] (Minecraft) Preparing spawn area: 34%
[07:44:58] [Render thread/INFO] (Minecraft) Preparing spawn area: 35%
[07:44:58] [Render thread/INFO] (Minecraft) Preparing spawn area: 36%
[07:44:59] [Render thread/INFO] (Minecraft) Preparing spawn area: 38%
[07:44:59] [Render thread/INFO] (Minecraft) Preparing spawn area: 40%
[07:45:00] [Render thread/INFO] (Minecraft) Preparing spawn area: 42%
[07:45:00] [Render thread/INFO] (Minecraft) Preparing spawn area: 42%
[07:45:01] [Render thread/INFO] (Minecraft) Preparing spawn area: 43%
[07:45:01] [Render thread/INFO] (Minecraft) Preparing spawn area: 44%
[07:45:02] [Render thread/INFO] (Minecraft) Preparing spawn area: 46%
[07:45:02] [Render thread/INFO] (Minecraft) Preparing spawn area: 48%
[07:45:03] [Render thread/INFO] (Minecraft) Preparing spawn area: 49%
[07:45:03] [Render thread/INFO] (Minecraft) Preparing spawn area: 51%
[07:45:04] [Render thread/INFO] (Minecraft) Preparing spawn area: 52%
[07:45:04] [Render thread/INFO] (Minecraft) Preparing spawn area: 54%
[07:45:05] [Render thread/INFO] (Minecraft) Preparing spawn area: 55%
[07:45:05] [Render thread/INFO] (Minecraft) Preparing spawn area: 55%
[07:45:06] [Render thread/INFO] (Minecraft) Preparing spawn area: 56%
[07:45:06] [Render thread/INFO] (Minecraft) Preparing spawn area: 57%
[07:45:07] [Render thread/INFO] (Minecraft) Preparing spawn area: 59%
[07:45:07] [Render thread/INFO] (Minecraft) Preparing spawn area: 60%
[07:45:08] [Render thread/INFO] (Minecraft) Preparing spawn area: 62%
[07:45:08] [Render thread/INFO] (Minecraft) Preparing spawn area: 63%
[07:45:09] [Render thread/INFO] (Minecraft) Preparing spawn area: 65%
[07:45:09] [Render thread/INFO] (Minecraft) Preparing spawn area: 66%
[07:45:10] [Render thread/INFO] (Minecraft) Preparing spawn area: 68%
[07:45:10] [Render thread/INFO] (Minecraft) Preparing spawn area: 69%
[07:45:11] [Render thread/INFO] (Minecraft) Preparing spawn area: 69%
[07:45:11] [Render thread/INFO] (Minecraft) Preparing spawn area: 70%
[07:45:12] [Render thread/INFO] (Minecraft) Preparing spawn area: 71%
[07:45:12] [Render thread/INFO] (Minecraft) Preparing spawn area: 73%
[07:45:13] [Render thread/INFO] (Minecraft) Preparing spawn area: 75%
[07:45:13] [Render thread/INFO] (Minecraft) Preparing spawn area: 77%
[07:45:14] [Render thread/INFO] (Minecraft) Preparing spawn area: 79%
[07:45:14] [Render thread/INFO] (Minecraft) Preparing spawn area: 81%
[07:45:15] [Render thread/INFO] (Minecraft) Preparing spawn area: 83%
[07:45:15] [Render thread/INFO] (Minecraft) Preparing spawn area: 83%
[07:45:16] [Render thread/INFO] (Minecraft) Preparing spawn area: 85%
[07:45:16] [Render thread/INFO] (Minecraft) Preparing spawn area: 86%
[07:45:17] [Render thread/INFO] (Minecraft) Preparing spawn area: 87%
[07:45:17] [Render thread/INFO] (Minecraft) Preparing spawn area: 88%
[07:45:18] [Render thread/INFO] (Minecraft) Preparing spawn area: 90%
[07:45:18] [Render thread/INFO] (Minecraft) Preparing spawn area: 91%
[07:45:19] [Render thread/INFO] (Minecraft) Preparing spawn area: 93%
[07:45:19] [Render thread/INFO] (Minecraft) Preparing spawn area: 94%
[07:45:20] [Render thread/INFO] (Minecraft) Preparing spawn area: 96%
[07:45:20] [Render thread/INFO] (Minecraft) Preparing spawn area: 98%
[07:45:20] [Render thread/INFO] (Minecraft) Time elapsed: 44795 ms
[07:45:21] [Server thread/INFO] (Minecraft) Changing view distance to 12, from 10
[07:45:21] [Server thread/INFO] (Minecraft) Changing simulation distance to 12, from 0
[07:45:23] [Server thread/INFO] (Minecraft) Player520[local:E:3572ab13] logged in with entity id 345 at (0.5, 63.0, 1.5)
[07:45:23] [Server thread/INFO] (Minecraft) Player520 joined the game
[07:45:26] [Render thread/INFO] (Minecraft) Loaded 0 advancements
[07:45:32] [Server thread/WARN] (Minecraft) Can't keep up! Is the server overloaded? Running 2063ms or 41 ticks behind
[07:46:44] [Server thread/INFO] (Minecraft) Saving and pausing game...
[07:46:44] [Server thread/INFO] (Minecraft) Saving chunks for level 'ServerLevel[New World]'/minecraft:overworld
[07:46:44] [Server thread/INFO] (Minecraft) Saving chunks for level 'ServerLevel[New World]'/minecraft:the_end
[07:46:44] [Server thread/INFO] (Minecraft) Saving chunks for level 'ServerLevel[New World]'/minecraft:the_nether
[07:46:59] [Server thread/INFO] (Minecraft) Saving and pausing game...
[07:46:59] [Server thread/INFO] (Minecraft) Saving chunks for level 'ServerLevel[New World]'/minecraft:overworld
[07:46:59] [Server thread/INFO] (Minecraft) Saving chunks for level 'ServerLevel[New World]'/minecraft:the_end
[07:46:59] [Server thread/INFO] (Minecraft) Saving chunks for level 'ServerLevel[New World]'/minecraft:the_nether
